#
# There is insufficient memory for the Java Runtime Environment to continue.
# Native memory allocation (malloc) failed to allocate 1054656 bytes for Chunk::new
# Possible reasons:
#   The system is out of physical RAM or swap space
#   The process is running with CompressedOops enabled, and the Java Heap may be blocking the growth of the native heap
# Possible solutions:
#   Reduce memory load on the system
#   Increase physical memory or swap space
#   Check if swap backing store is full
#   Decrease Java heap size (-Xmx/-Xms)
#   Decrease number of Java threads
#   Decrease Java thread stack sizes (-Xss)
#   Set larger code cache with -XX:ReservedCodeCacheSize=
#   JVM is running with Unscaled Compressed Oops mode in which the Java heap is
#     placed in the first 4GB address space. The Java Heap base address is the
#     maximum limit for the native heap growth. Please use -XX:HeapBaseMinAddress
#     to set the Java Heap base and to place the Java Heap above 4GB virtual address.
# This output file may be truncated or incomplete.
#
#  Out of Memory Error (allocation.cpp:389), pid=1824, tid=0x00000000000016cc
#
# JRE version: OpenJDK Runtime Environment (8.0_202-b03) (build 1.8.0_202-release-1483-b03)
# Java VM: OpenJDK 64-Bit Server VM (25.202-b03 mixed mode windows-amd64 compressed oops)
# Failed to write core dump. Minidumps are not enabled by default on client versions of Windows
#

---------------  T H R E A D  ---------------

Current thread (0x000000001621c000):  JavaThread "C2 CompilerThread0" daemon [_thread_in_native, id=5836, stack(0x0000000017880000,0x0000000017980000)]

Stack: [0x0000000017880000,0x0000000017980000]
[error occurred during error reporting (printing stack bounds), id 0xc0000005]

Native frames: (J=compiled Java code, j=interpreted, Vv=VM code, C=native code)


Current CompileTask:
C2: 406980 20982 %     4       com.android.tools.r8.ir.regalloc.LinearScanRegisterAllocator::a @ 1334 (3743 bytes)


---------------  P R O C E S S  ---------------

Java Threads: ( => current thread )
  0x000000001fafa800 JavaThread "Cache worker for Java compile cache (C:\Users\marcelo.couto\AndroidStudioProjects\Trabaho01\.gradle\5.4.1\javaCompile)" [_thread_blocked, id=10816, stack(0x0000000033500000,0x0000000033600000)]
  0x000000001fafa000 JavaThread "Cache worker for Java compile cache (C:\Users\marcelo.couto\.gradle\caches\5.4.1\javaCompile)" [_thread_blocked, id=1632, stack(0x0000000033400000,0x0000000033500000)]
  0x000000001faf6000 JavaThread "RMI TCP Connection(1)-127.0.0.1" daemon [_thread_in_native, id=11944, stack(0x0000000033300000,0x0000000033400000)]
  0x000000001faf5800 JavaThread "RMI Reaper" [_thread_blocked, id=10984, stack(0x0000000033200000,0x0000000033300000)]
  0x000000001d658800 JavaThread "RMI TCP Accept-0" daemon [_thread_in_native, id=11560, stack(0x0000000033100000,0x0000000033200000)]
  0x0000000019328800 JavaThread "GC Daemon" daemon [_thread_blocked, id=9868, stack(0x0000000033000000,0x0000000033100000)]
  0x000000001d660000 JavaThread "RMI Scheduler(0)" daemon [_thread_blocked, id=10380, stack(0x0000000032e00000,0x0000000032f00000)]
  0x000000001d65d800 JavaThread "stdout" [_thread_in_native, id=11216, stack(0x0000000032c00000,0x0000000032d00000)]
  0x000000001d65e800 JavaThread "stderr" [_thread_in_native, id=10488, stack(0x0000000032b00000,0x0000000032c00000)]
  0x000000001d65d000 JavaThread "stdout" [_thread_in_native, id=7924, stack(0x0000000032a00000,0x0000000032b00000)]
  0x000000001d655800 JavaThread "stderr" [_thread_in_native, id=7128, stack(0x0000000032900000,0x0000000032a00000)]
  0x000000001d65c000 JavaThread "stdout" [_thread_in_native, id=5760, stack(0x0000000032800000,0x0000000032900000)]
  0x000000001d65b800 JavaThread "stderr" [_thread_in_native, id=4360, stack(0x0000000032700000,0x0000000032800000)]
  0x000000001d654000 JavaThread "stdout" [_thread_in_native, id=3120, stack(0x0000000032600000,0x0000000032700000)]
  0x000000001d657000 JavaThread "stderr" [_thread_in_native, id=11196, stack(0x0000000032500000,0x0000000032600000)]
  0x000000001d659000 JavaThread "WorkerExecutor Queue Thread 4" [_thread_blocked, id=5572, stack(0x0000000032400000,0x0000000032500000)]
  0x000000001d654800 JavaThread "WorkerExecutor Queue Thread 3" [_thread_blocked, id=7988, stack(0x0000000032300000,0x0000000032400000)]
  0x000000001d65a800 JavaThread "WorkerExecutor Queue Thread 2" [_thread_in_native, id=8148, stack(0x0000000032200000,0x0000000032300000)]
  0x000000001d3de000 JavaThread "pool-14-thread-1" [_thread_blocked, id=7952, stack(0x0000000032100000,0x0000000032200000)]
  0x000000001d3dc800 JavaThread "WorkerExecutor Queue" [_thread_blocked, id=6032, stack(0x0000000032000000,0x0000000032100000)]
  0x000000001d3dc000 JavaThread "Cache worker for execution history cache (C:\Users\marcelo.couto\AndroidStudioProjects\Trabaho01\.gradle\5.4.1\executionHistory)" [_thread_blocked, id=1392, stack(0x0000000031f00000,0x0000000032000000)]
  0x000000001d3dd800 JavaThread "Execution worker for ':' Thread 3" [_thread_in_Java, id=4124, stack(0x0000000031e00000,0x0000000031f00000)]
  0x000000001d3db000 JavaThread "Execution worker for ':' Thread 2" [_thread_blocked, id=2388, stack(0x0000000031d00000,0x0000000031e00000)]
  0x000000001d3e1000 JavaThread "Execution worker for ':'" [_thread_in_Java, id=7556, stack(0x0000000031c00000,0x0000000031d00000)]
  0x000000001d3d9800 JavaThread "Cache worker for file content cache (C:\Users\marcelo.couto\AndroidStudioProjects\Trabaho01\.gradle\5.4.1\fileContent)" [_thread_blocked, id=12064, stack(0x0000000031b00000,0x0000000031c00000)]
  0x000000001d3d2000 JavaThread "Cache worker for Build Output Cleanup Cache (C:\Users\marcelo.couto\AndroidStudioProjects\Trabaho01\.gradle\buildOutputCleanup)" [_thread_blocked, id=4540, stack(0x0000000031a00000,0x0000000031b00000)]
  0x000000001d3d7000 JavaThread "pool-13-thread-1" [_thread_blocked, id=11408, stack(0x0000000031900000,0x0000000031a00000)]
  0x000000001d3d8000 JavaThread "Build operations Thread 4" [_thread_blocked, id=9660, stack(0x0000000031800000,0x0000000031900000)]
  0x000000001d3d6800 JavaThread "Build operations Thread 3" [_thread_blocked, id=13176, stack(0x0000000031700000,0x0000000031800000)]
  0x000000001d3d5800 JavaThread "Build operations Thread 2" [_thread_blocked, id=12480, stack(0x0000000031600000,0x0000000031700000)]
  0x0000000018b6f000 JavaThread "Build operations" [_thread_blocked, id=3508, stack(0x0000000031500000,0x0000000031600000)]
  0x0000000018b67800 JavaThread "Cache worker for cache directory md-rule (C:\Users\marcelo.couto\.gradle\caches\5.4.1\md-rule)" [_thread_blocked, id=6284, stack(0x0000000031400000,0x0000000031500000)]
  0x0000000018b6e800 JavaThread "Cache worker for cache directory md-supplier (C:\Users\marcelo.couto\.gradle\caches\5.4.1\md-supplier)" [_thread_blocked, id=11920, stack(0x0000000031300000,0x0000000031400000)]
  0x0000000018b67000 JavaThread "Cache worker for file hash cache (C:\Users\marcelo.couto\AndroidStudioProjects\Trabaho01\.gradle\5.4.1\fileHashes)" [_thread_blocked, id=1372, stack(0x0000000031200000,0x0000000031300000)]
  0x0000000018b66000 JavaThread "Thread-159" [_thread_blocked, id=12828, stack(0x0000000031100000,0x0000000031200000)]
  0x0000000018b65800 JavaThread "Stdin handler" [_thread_blocked, id=5044, stack(0x0000000031000000,0x0000000031100000)]
  0x0000000018b6c000 JavaThread "Asynchronous log dispatcher for DefaultDaemonConnection: socket connection from /127.0.0.1:55122 to /127.0.0.1:55404" [_thread_blocked, id=12520, stack(0x0000000030f00000,0x0000000031000000)]
  0x0000000018b62800 JavaThread "Cancel handler" [_thread_blocked, id=6496, stack(0x0000000030e00000,0x0000000030f00000)]
  0x0000000018b61800 JavaThread "Handler for socket connection from /127.0.0.1:55122 to /127.0.0.1:55404" [_thread_in_native, id=12900, stack(0x0000000030d00000,0x0000000030e00000)]
  0x000000001d3d5000 JavaThread "Daemon worker Thread 2" [_thread_in_native, id=11260, stack(0x000000002ed00000,0x000000002ee00000)]
  0x000000001d3d2800 JavaThread "Daemon Thread 2" [_thread_blocked, id=8696, stack(0x000000002ea00000,0x000000002eb00000)]
  0x000000001d3e0800 JavaThread "Cache worker for file content cache (C:\Users\marcelo.couto\.gradle\caches\5.4.1\fileContent)" [_thread_blocked, id=9708, stack(0x0000000025a00000,0x0000000025b00000)]
  0x0000000018b6b800 JavaThread "Memory manager" [_thread_blocked, id=4700, stack(0x0000000022f20000,0x0000000023020000)]
  0x0000000018b68800 JavaThread "Cache worker for execution history cache (C:\Users\marcelo.couto\.gradle\caches\5.4.1\executionHistory)" [_thread_blocked, id=4556, stack(0x0000000020450000,0x0000000020550000)]
  0x0000000019328000 JavaThread "Cache worker for journal cache (C:\Users\marcelo.couto\.gradle\caches\journal-1)" [_thread_blocked, id=5076, stack(0x000000001bdf0000,0x000000001bef0000)]
  0x0000000019324000 JavaThread "File lock request listener" [_thread_in_native, id=1800, stack(0x000000001bcf0000,0x000000001bdf0000)]
  0x0000000019323800 JavaThread "Cache worker for file hash cache (C:\Users\marcelo.couto\.gradle\caches\5.4.1\fileHashes)" [_thread_blocked, id=2692, stack(0x000000001bbf0000,0x000000001bcf0000)]
  0x00000000182ed800 JavaThread "Daemon periodic checks" [_thread_blocked, id=2628, stack(0x000000001b1f0000,0x000000001b2f0000)]
  0x00000000182ec000 JavaThread "Incoming local TCP Connector on port 55122" [_thread_in_native, id=10628, stack(0x000000001af90000,0x000000001b090000)]
  0x0000000018eb6800 JavaThread "Daemon health stats" [_thread_blocked, id=9316, stack(0x0000000019950000,0x0000000019a50000)]
  0x000000001627e800 JavaThread "Service Thread" daemon [_thread_blocked, id=9696, stack(0x0000000017f80000,0x0000000018080000)]
  0x000000001622a800 JavaThread "C1 CompilerThread2" daemon [_thread_blocked, id=6108, stack(0x0000000017a80000,0x0000000017b80000)]
  0x0000000016220000 JavaThread "C2 CompilerThread1" daemon [_thread_in_native, id=11652, stack(0x0000000017980000,0x0000000017a80000)]
=>0x000000001621c000 JavaThread "C2 CompilerThread0" daemon [_thread_in_native, id=5836, stack(0x0000000017880000,0x0000000017980000)]
  0x000000001621b000 JavaThread "Attach Listener" daemon [_thread_blocked, id=11332, stack(0x0000000017780000,0x0000000017880000)]
  0x000000001621a000 JavaThread "Signal Dispatcher" daemon [_thread_blocked, id=8644, stack(0x0000000017680000,0x0000000017780000)]
  0x00000000028ac000 JavaThread "Finalizer" daemon [_thread_blocked, id=6208, stack(0x0000000017470000,0x0000000017570000)]
  0x0000000016209000 JavaThread "Reference Handler" daemon [_thread_blocked, id=10052, stack(0x0000000017370000,0x0000000017470000)]
  0x000000000261e000 JavaThread "main" [_thread_blocked, id=5796, stack(0x00000000026b0000,0x00000000027b0000)]

Other Threads:
  0x00000000161e6800 VMThread [stack: 0x0000000017270000,0x0000000017370000] [id=5276]
  0x0000000017bab000 WatcherThread [stack: 0x0000000018080000,0x0000000018180000] [id=12044]

VM state:not at safepoint (normal execution)

VM Mutex/Monitor currently owned by a thread: None

heap address: 0x00000000a0000000, size: 1536 MB, Compressed Oops mode: 32-bit
Narrow klass base: 0x0000000000000000, Narrow klass shift: 3
Compressed class space size: 1073741824 Address: 0x0000000100000000

Heap:
 PSYoungGen      total 341504K, used 324767K [0x00000000e0000000, 0x00000000fb680000, 0x0000000100000000)
  eden space 291328K, 94% used [0x00000000e0000000,0x00000000f0c282f8,0x00000000f1c80000)
  from space 50176K, 99% used [0x00000000f1c80000,0x00000000f4d7f920,0x00000000f4d80000)
  to   space 58368K, 0% used [0x00000000f7d80000,0x00000000f7d80000,0x00000000fb680000)
 ParOldGen       total 131584K, used 59898K [0x00000000a0000000, 0x00000000a8080000, 0x00000000e0000000)
  object space 131584K, 45% used [0x00000000a0000000,0x00000000a3a7ea20,0x00000000a8080000)
 Metaspace       used 92686K, capacity 97238K, committed 97428K, reserved 1134592K
  class space    used 11888K, capacity 12731K, committed 12732K, reserved 1048576K

Card table byte_map: [0x0000000011c70000,0x0000000011f80000] byte_map_base: 0x0000000011770000

Marking Bits: (ParMarkBitMap*) 0x0000000058aa9f30
 Begin Bits: [0x0000000012580000, 0x0000000013d80000)
 End Bits:   [0x0000000013d80000, 0x0000000015580000)

Polling page: 0x0000000000900000

CodeCache: size=245760Kb used=60805Kb max_used=61320Kb free=184954Kb
 bounds [0x00000000028b0000, 0x00000000064e0000, 0x00000000118b0000]
 total_blobs=17984 nmethods=17108 adapters=788
 compilation: enabled

Compilation events (10 events):
Event: 406.940 Thread 0x000000001622a800 21028       1       com.android.tools.r8.ir.code.CheckCast::j (2 bytes)
Event: 406.940 Thread 0x000000001622a800 nmethod 21028 0x000000000354c8d0 code [0x000000000354ca20, 0x000000000354cb30]
Event: 406.949 Thread 0x000000001622a800 21029       2       com.android.tools.r8.ir.conversion.IRBuilder::a (559 bytes)
Event: 406.953 Thread 0x000000001622a800 nmethod 21029 0x00000000064bd750 code [0x00000000064bdb60, 0x00000000064bf5f8]
Event: 406.955 Thread 0x000000001622a800 21030       2       com.android.tools.r8.ir.optimize.CodeRewriter::a (100 bytes)
Event: 406.956 Thread 0x000000001622a800 nmethod 21030 0x0000000003063290 code [0x0000000003063480, 0x0000000003063928]
Event: 406.969 Thread 0x000000001622a800 21031 %     3       com.android.tools.r8.utils.LebUtils::putUleb128 @ 5 (44 bytes)
Event: 406.970 Thread 0x000000001622a800 nmethod 21031% 0x0000000005315250 code [0x0000000005315420, 0x0000000005315a58]
Event: 406.972 Thread 0x000000001622a800 21032       3       com.android.tools.r8.utils.LebUtils::putUleb128 (44 bytes)
Event: 406.973 Thread 0x000000001622a800 nmethod 21032 0x00000000037516d0 code [0x00000000037518a0, 0x0000000003751e78]

GC Heap History (10 events):
Event: 385.737 GC heap before
{Heap before GC invocations=28 (full 3):
 PSYoungGen      total 292352K, used 284117K [0x00000000e0000000, 0x00000000f4000000, 0x0000000100000000)
  eden space 267264K, 100% used [0x00000000e0000000,0x00000000f0500000,0x00000000f0500000)
  from space 25088K, 67% used [0x00000000f2780000,0x00000000f37f54f0,0x00000000f4000000)
  to   space 30208K, 0% used [0x00000000f0500000,0x00000000f0500000,0x00000000f2280000)
 ParOldGen       total 131584K, used 46234K [0x00000000a0000000, 0x00000000a8080000, 0x00000000e0000000)
  object space 131584K, 35% used [0x00000000a0000000,0x00000000a2d26ba8,0x00000000a8080000)
 Metaspace       used 81477K, capacity 85604K, committed 85652K, reserved 1124352K
  class space    used 10404K, capacity 11188K, committed 11196K, reserved 1048576K
Event: 385.760 GC heap after
Heap after GC invocations=28 (full 3):
 PSYoungGen      total 297472K, used 22047K [0x00000000e0000000, 0x00000000f5100000, 0x0000000100000000)
  eden space 267264K, 0% used [0x00000000e0000000,0x00000000e0000000,0x00000000f0500000)
  from space 30208K, 72% used [0x00000000f0500000,0x00000000f1a87db8,0x00000000f2280000)
  to   space 31232K, 0% used [0x00000000f3280000,0x00000000f3280000,0x00000000f5100000)
 ParOldGen       total 131584K, used 46234K [0x00000000a0000000, 0x00000000a8080000, 0x00000000e0000000)
  object space 131584K, 35% used [0x00000000a0000000,0x00000000a2d26ba8,0x00000000a8080000)
 Metaspace       used 81477K, capacity 85604K, committed 85652K, reserved 1124352K
  class space    used 10404K, capacity 11188K, committed 11196K, reserved 1048576K
}
Event: 399.691 GC heap before
{Heap before GC invocations=29 (full 3):
 PSYoungGen      total 297472K, used 289311K [0x00000000e0000000, 0x00000000f5100000, 0x0000000100000000)
  eden space 267264K, 100% used [0x00000000e0000000,0x00000000f0500000,0x00000000f0500000)
  from space 30208K, 72% used [0x00000000f0500000,0x00000000f1a87db8,0x00000000f2280000)
  to   space 31232K, 0% used [0x00000000f3280000,0x00000000f3280000,0x00000000f5100000)
 ParOldGen       total 131584K, used 46234K [0x00000000a0000000, 0x00000000a8080000, 0x00000000e0000000)
  object space 131584K, 35% used [0x00000000a0000000,0x00000000a2d26ba8,0x00000000a8080000)
 Metaspace       used 86217K, capacity 90596K, committed 90772K, reserved 1128448K
  class space    used 11138K, capacity 11939K, committed 11964K, reserved 1048576K
Event: 399.762 GC heap after
Heap after GC invocations=29 (full 3):
 PSYoungGen      total 309760K, used 30878K [0x00000000e0000000, 0x00000000f5800000, 0x0000000100000000)
  eden space 278528K, 0% used [0x00000000e0000000,0x00000000e0000000,0x00000000f1000000)
  from space 31232K, 98% used [0x00000000f3280000,0x00000000f50a7b50,0x00000000f5100000)
  to   space 35328K, 0% used [0x00000000f1000000,0x00000000f1000000,0x00000000f3280000)
 ParOldGen       total 131584K, used 46242K [0x00000000a0000000, 0x00000000a8080000, 0x00000000e0000000)
  object space 131584K, 35% used [0x00000000a0000000,0x00000000a2d28ba8,0x00000000a8080000)
 Metaspace       used 86217K, capacity 90596K, committed 90772K, reserved 1128448K
  class space    used 11138K, capacity 11939K, committed 11964K, reserved 1048576K
}
Event: 402.087 GC heap before
{Heap before GC invocations=30 (full 3):
 PSYoungGen      total 309760K, used 309406K [0x00000000e0000000, 0x00000000f5800000, 0x0000000100000000)
  eden space 278528K, 100% used [0x00000000e0000000,0x00000000f1000000,0x00000000f1000000)
  from space 31232K, 98% used [0x00000000f3280000,0x00000000f50a7b50,0x00000000f5100000)
  to   space 35328K, 0% used [0x00000000f1000000,0x00000000f1000000,0x00000000f3280000)
 ParOldGen       total 131584K, used 46242K [0x00000000a0000000, 0x00000000a8080000, 0x00000000e0000000)
  object space 131584K, 35% used [0x00000000a0000000,0x00000000a2d28ba8,0x00000000a8080000)
 Metaspace       used 90621K, capacity 94982K, committed 95252K, reserved 1132544K
  class space    used 11670K, capacity 12485K, committed 12604K, reserved 1048576K
Event: 402.150 GC heap after
Heap after GC invocations=30 (full 3):
 PSYoungGen      total 313856K, used 35308K [0x00000000e0000000, 0x00000000f7580000, 0x0000000100000000)
  eden space 278528K, 0% used [0x00000000e0000000,0x00000000e0000000,0x00000000f1000000)
  from space 35328K, 99% used [0x00000000f1000000,0x00000000f327b128,0x00000000f3280000)
  to   space 40960K, 0% used [0x00000000f4d80000,0x00000000f4d80000,0x00000000f7580000)
 ParOldGen       total 131584K, used 48197K [0x00000000a0000000, 0x00000000a8080000, 0x00000000e0000000)
  object space 131584K, 36% used [0x00000000a0000000,0x00000000a2f11410,0x00000000a8080000)
 Metaspace       used 90621K, capacity 94982K, committed 95252K, reserved 1132544K
  class space    used 11670K, capacity 12485K, committed 12604K, reserved 1048576K
}
Event: 404.749 GC heap before
{Heap before GC invocations=31 (full 3):
 PSYoungGen      total 313856K, used 313836K [0x00000000e0000000, 0x00000000f7580000, 0x0000000100000000)
  eden space 278528K, 100% used [0x00000000e0000000,0x00000000f1000000,0x00000000f1000000)
  from space 35328K, 99% used [0x00000000f1000000,0x00000000f327b128,0x00000000f3280000)
  to   space 40960K, 0% used [0x00000000f4d80000,0x00000000f4d80000,0x00000000f7580000)
 ParOldGen       total 131584K, used 48197K [0x00000000a0000000, 0x00000000a8080000, 0x00000000e0000000)
  object space 131584K, 36% used [0x00000000a0000000,0x00000000a2f11410,0x00000000a8080000)
 Metaspace       used 92335K, capacity 96840K, committed 97172K, reserved 1134592K
  class space    used 11840K, capacity 12674K, committed 12732K, reserved 1048576K
Event: 404.839 GC heap after
Heap after GC invocations=31 (full 3):
 PSYoungGen      total 332288K, used 40950K [0x00000000e0000000, 0x00000000f8e00000, 0x0000000100000000)
  eden space 291328K, 0% used [0x00000000e0000000,0x00000000e0000000,0x00000000f1c80000)
  from space 40960K, 99% used [0x00000000f4d80000,0x00000000f757db88,0x00000000f7580000)
  to   space 50176K, 0% used [0x00000000f1c80000,0x00000000f1c80000,0x00000000f4d80000)
 ParOldGen       total 131584K, used 57046K [0x00000000a0000000, 0x00000000a8080000, 0x00000000e0000000)
  object space 131584K, 43% used [0x00000000a0000000,0x00000000a37b5b00,0x00000000a8080000)
 Metaspace       used 92335K, capacity 96840K, committed 97172K, reserved 1134592K
  class space    used 11840K, capacity 12674K, committed 12732K, reserved 1048576K
}
Event: 405.831 GC heap before
{Heap before GC invocations=32 (full 3):
 PSYoungGen      total 332288K, used 332278K [0x00000000e0000000, 0x00000000f8e00000, 0x0000000100000000)
  eden space 291328K, 100% used [0x00000000e0000000,0x00000000f1c80000,0x00000000f1c80000)
  from space 40960K, 99% used [0x00000000f4d80000,0x00000000f757db88,0x00000000f7580000)
  to   space 50176K, 0% used [0x00000000f1c80000,0x00000000f1c80000,0x00000000f4d80000)
 ParOldGen       total 131584K, used 57046K [0x00000000a0000000, 0x00000000a8080000, 0x00000000e0000000)
  object space 131584K, 43% used [0x00000000a0000000,0x00000000a37b5b00,0x00000000a8080000)
 Metaspace       used 92620K, capacity 97154K, committed 97172K, reserved 1134592K
  class space    used 11885K, capacity 12727K, committed 12732K, reserved 1048576K
Event: 405.903 GC heap after
Heap after GC invocations=32 (full 3):
 PSYoungGen      total 341504K, used 50174K [0x00000000e0000000, 0x00000000fb680000, 0x0000000100000000)
  eden space 291328K, 0% used [0x00000000e0000000,0x00000000e0000000,0x00000000f1c80000)
  from space 50176K, 99% used [0x00000000f1c80000,0x00000000f4d7f920,0x00000000f4d80000)
  to   space 58368K, 0% used [0x00000000f7d80000,0x00000000f7d80000,0x00000000fb680000)
 ParOldGen       total 131584K, used 59898K [0x00000000a0000000, 0x00000000a8080000, 0x00000000e0000000)
  object space 131584K, 45% used [0x00000000a0000000,0x00000000a3a7ea20,0x00000000a8080000)
 Metaspace       used 92620K, capacity 97154K, committed 97172K, reserved 1134592K
  class space    used 11885K, capacity 12727K, committed 12732K, reserved 1048576K
}

Deoptimization events (10 events):
Event: 405.108 Thread 0x000000001d3e1000 Uncommon trap: reason=unstable_if action=reinterpret pc=0x0000000005d62bd8 method=com.android.tools.r8.t.a.a.s.a(I)V @ 4
Event: 405.217 Thread 0x000000001d3e1000 Uncommon trap: reason=unstable_if action=reinterpret pc=0x0000000003dcc0a0 method=com.android.tools.r8.t.a.a.s.a(I)V @ 4
Event: 405.250 Thread 0x000000001d3e1000 Uncommon trap: reason=unstable_if action=reinterpret pc=0x0000000003636140 method=com.android.tools.r8.graph.DexType.a(C)Z @ 15
Event: 405.257 Thread 0x000000001d3e1000 Uncommon trap: reason=unstable_if action=reinterpret pc=0x00000000059df86c method=com.android.tools.r8.ir.regalloc.LinearScanRegisterAllocator.allocateRegisters()V @ 260
Event: 405.371 Thread 0x000000001d3e1000 Uncommon trap: reason=unstable_if action=reinterpret pc=0x0000000003a219dc method=com.android.tools.r8.graph.DexProto.b(Ljava/lang/Object;)Z @ 37
Event: 405.375 Thread 0x000000001d3e1000 Uncommon trap: reason=unstable_if action=reinterpret pc=0x0000000005e55cf4 method=com.android.tools.r8.ir.code.Instruction.identicalAfterRegisterAllocation(Lcom/android/tools/r8/ir/code/Instruction;Lcom/android/tools/r8/ir/regalloc/RegisterAllocator;)Z @ 
Event: 406.351 Thread 0x0000000018b68800 Uncommon trap: reason=null_check action=make_not_entrant pc=0x0000000004e4c6cc method=com.google.common.collect.MapMakerInternalMap$Segment.reclaimKey(Lcom/google/common/collect/MapMakerInternalMap$InternalEntry;I)Z @ 35
Event: 406.367 Thread 0x000000001d3e1000 Uncommon trap: reason=unstable_if action=reinterpret pc=0x0000000005def1ec method=com.android.tools.r8.ir.conversion.N.getCanonicalDebugPositionAtOffset(I)Lcom/android/tools/r8/ir/code/Position; @ 51
Event: 406.418 Thread 0x000000001d3dd800 Uncommon trap: reason=unstable_if action=reinterpret pc=0x000000000620d8b0 method=org.objectweb.asm.ByteVector.putUTF8(Ljava/lang/String;)Lorg/objectweb/asm/ByteVector; @ 91
Event: 406.419 Thread 0x000000001d3dd800 Uncommon trap: reason=unstable_if action=reinterpret pc=0x000000000551296c method=org.objectweb.asm.ByteVector.putUTF8(Ljava/lang/String;)Lorg/objectweb/asm/ByteVector; @ 91

Classes redefined (0 events):
No events

Internal exceptions (10 events):
Event: 403.959 Thread 0x000000001d3e1000 Exception <a 'sun/nio/fs/WindowsException'> (0x00000000e77ac9c8) thrown at [D:\src\AOSP-openjdk-cygwin\jdk8u\hotspot\src\share\vm\prims\jni.cpp, line 710]
Event: 404.021 Thread 0x000000001d3dd800 Exception <a 'sun/nio/fs/WindowsException'> (0x00000000e7886d28) thrown at [D:\src\AOSP-openjdk-cygwin\jdk8u\hotspot\src\share\vm\prims\jni.cpp, line 710]
Event: 404.407 Thread 0x000000001d3dd800 Exception <a 'sun/nio/fs/WindowsException'> (0x00000000ec01e030) thrown at [D:\src\AOSP-openjdk-cygwin\jdk8u\hotspot\src\share\vm\prims\jni.cpp, line 710]
Event: 404.486 Thread 0x000000001d3d5000 Exception <a 'sun/nio/fs/WindowsException'> (0x00000000ecb9f590) thrown at [D:\src\AOSP-openjdk-cygwin\jdk8u\hotspot\src\share\vm\prims\jni.cpp, line 710]
Event: 404.626 Thread 0x000000001d3dd800 Exception <a 'sun/nio/fs/WindowsException'> (0x00000000eebf7a90) thrown at [D:\src\AOSP-openjdk-cygwin\jdk8u\hotspot\src\share\vm\prims\jni.cpp, line 710]
Event: 404.698 Thread 0x000000001d3e1000 Exception <a 'sun/nio/fs/WindowsException'> (0x00000000effe5a20) thrown at [D:\src\AOSP-openjdk-cygwin\jdk8u\hotspot\src\share\vm\prims\jni.cpp, line 710]
Event: 404.845 Thread 0x000000001d65a800 Implicit null exception at 0x000000000414a9b5 to 0x000000000414e565
Event: 406.002 Thread 0x000000001d3dd800 Exception <a 'sun/nio/fs/WindowsException'> (0x00000000e1a274b0) thrown at [D:\src\AOSP-openjdk-cygwin\jdk8u\hotspot\src\share\vm\prims\jni.cpp, line 710]
Event: 406.351 Thread 0x0000000018b68800 Implicit null exception at 0x0000000004e4acb1 to 0x0000000004e4c69d
Event: 406.812 Thread 0x000000001d3dd800 Exception <a 'sun/nio/fs/WindowsException'> (0x00000000ee644560) thrown at [D:\src\AOSP-openjdk-cygwin\jdk8u\hotspot\src\share\vm\prims\jni.cpp, line 710]

Events (10 events):
Event: 406.952 Thread 0x000000001d3e1000 DEOPT UNPACKING pc=0x00000000028f75d0 sp=0x0000000031cfad48 mode 0
Event: 406.954 Thread 0x000000001622a800 flushing nmethod 0x0000000005024b90
Event: 406.955 Thread 0x000000001622a800 flushing nmethod 0x00000000051dd150
Event: 406.956 Thread 0x000000001622a800 flushing nmethod 0x0000000005315150
Event: 406.956 Thread 0x000000001622a800 flushing nmethod 0x000000000531af90
Event: 406.958 Thread 0x000000001622a800 flushing nmethod 0x0000000005727110
Event: 406.970 Thread 0x000000001622a800 flushing nmethod 0x00000000059eab90
Event: 406.971 Thread 0x000000001622a800 flushing nmethod 0x0000000005cbd990
Event: 406.971 Thread 0x000000001622a800 flushing nmethod 0x0000000005d40850
Event: 406.972 Thread 0x000000001622a800 flushing nmethod 0x0000000005e320d0


Dynamic libraries:
0x00007ff77f8e0000 - 0x00007ff77f911000 	C:\Program Files\Android\Android Studio\jre\bin\java.exe
0x00007ffaad960000 - 0x00007ffaadb4d000 	C:\Windows\SYSTEM32\ntdll.dll
0x00007ffaac210000 - 0x00007ffaac2c3000 	C:\Windows\System32\KERNEL32.DLL
0x00007ffaa9c90000 - 0x00007ffaa9f23000 	C:\Windows\System32\KERNELBASE.dll
0x00007ffaac4a0000 - 0x00007ffaac543000 	C:\Windows\System32\ADVAPI32.dll
0x00007ffaac600000 - 0x00007ffaac69e000 	C:\Windows\System32\msvcrt.dll
0x00007ffaad730000 - 0x00007ffaad7ce000 	C:\Windows\System32\sechost.dll
0x00007ffaad090000 - 0x00007ffaad1b2000 	C:\Windows\System32\RPCRT4.dll
0x00007ffaac6a0000 - 0x00007ffaac837000 	C:\Windows\System32\USER32.dll
0x00007ffaa9a80000 - 0x00007ffaa9aa0000 	C:\Windows\System32\win32u.dll
0x00007ffaad060000 - 0x00007ffaad089000 	C:\Windows\System32\GDI32.dll
0x00007ffaa9af0000 - 0x00007ffaa9c8a000 	C:\Windows\System32\gdi32full.dll
0x00007ffaaa060000 - 0x00007ffaaa100000 	C:\Windows\System32\msvcp_win.dll
0x00007ffaa9f30000 - 0x00007ffaaa02a000 	C:\Windows\System32\ucrtbase.dll
0x00007ffa92a50000 - 0x00007ffa92cc9000 	C:\Windows\WinSxS\amd64_microsoft.windows.common-controls_6595b64144ccf1df_6.0.17763.379_none_05b83be8071c94a1\COMCTL32.dll
0x00007ffaad400000 - 0x00007ffaad72d000 	C:\Windows\System32\combase.dll
0x00007ffaa9a00000 - 0x00007ffaa9a7e000 	C:\Windows\System32\bcryptPrimitives.dll
0x00007ffaac470000 - 0x00007ffaac49e000 	C:\Windows\System32\IMM32.DLL
0x0000000058120000 - 0x00000000581f2000 	C:\Program Files\Android\Android Studio\jre\jre\bin\msvcr100.dll
0x00000000582e0000 - 0x0000000058b26000 	C:\Program Files\Android\Android Studio\jre\jre\bin\server\jvm.dll
0x00007ffaac130000 - 0x00007ffaac138000 	C:\Windows\System32\PSAPI.DLL
0x00007ffaa5670000 - 0x00007ffaa5679000 	C:\Windows\SYSTEM32\WSOCK32.dll
0x00007ffaa7470000 - 0x00007ffaa7494000 	C:\Windows\SYSTEM32\WINMM.dll
0x00007ffa9e040000 - 0x00007ffa9e04a000 	C:\Windows\SYSTEM32\VERSION.dll
0x00007ffaa7440000 - 0x00007ffaa746d000 	C:\Windows\SYSTEM32\WINMMBASE.dll
0x00007ffaacff0000 - 0x00007ffaad05d000 	C:\Windows\System32\WS2_32.dll
0x00007ffaa9aa0000 - 0x00007ffaa9aea000 	C:\Windows\System32\cfgmgr32.dll
0x00007ffaa1ca0000 - 0x00007ffaa1caf000 	C:\Program Files\Android\Android Studio\jre\jre\bin\verify.dll
0x00007ffaa0940000 - 0x00007ffaa0969000 	C:\Program Files\Android\Android Studio\jre\jre\bin\java.dll
0x00007ffaa0920000 - 0x00007ffaa0936000 	C:\Program Files\Android\Android Studio\jre\jre\bin\zip.dll
0x00007ffaaab60000 - 0x00007ffaac050000 	C:\Windows\System32\SHELL32.dll
0x00007ffaac550000 - 0x00007ffaac5f8000 	C:\Windows\System32\shcore.dll
0x00007ffaaa1b0000 - 0x00007ffaaa8fa000 	C:\Windows\System32\windows.storage.dll
0x00007ffaa99d0000 - 0x00007ffaa99f4000 	C:\Windows\System32\profapi.dll
0x00007ffaa9970000 - 0x00007ffaa99cd000 	C:\Windows\System32\powrprof.dll
0x00007ffaac0b0000 - 0x00007ffaac102000 	C:\Windows\System32\shlwapi.dll
0x00007ffaa9930000 - 0x00007ffaa9941000 	C:\Windows\System32\kernel.appcore.dll
0x00007ffaaa900000 - 0x00007ffaaa917000 	C:\Windows\System32\cryptsp.dll
0x00007ffaa0900000 - 0x00007ffaa091a000 	C:\Program Files\Android\Android Studio\jre\jre\bin\net.dll
0x00007ffaa9150000 - 0x00007ffaa91b7000 	C:\Windows\system32\mswsock.dll
0x00007ffaa0700000 - 0x00007ffaa0711000 	C:\Program Files\Android\Android Studio\jre\jre\bin\nio.dll
0x00007ffa9e400000 - 0x00007ffa9e426000 	C:\Users\marcelo.couto\.gradle\native\29\windows-amd64\native-platform.dll
0x00007ffaa16f0000 - 0x00007ffaa16fd000 	C:\Program Files\Android\Android Studio\jre\jre\bin\management.dll
0x00007ffaa8d10000 - 0x00007ffaa8d43000 	C:\Windows\system32\rsaenh.dll
0x00007ffaaa030000 - 0x00007ffaaa056000 	C:\Windows\System32\bcrypt.dll
0x00007ffaa9830000 - 0x00007ffaa9858000 	C:\Windows\SYSTEM32\USERENV.dll
0x00007ffaa9320000 - 0x00007ffaa932c000 	C:\Windows\SYSTEM32\CRYPTBASE.dll
0x00007ffaa8eb0000 - 0x00007ffaa8eed000 	C:\Windows\SYSTEM32\IPHLPAPI.DLL
0x00007ffaad1c0000 - 0x00007ffaad1c8000 	C:\Windows\System32\NSI.dll
0x00007ffaa4df0000 - 0x00007ffaa4e06000 	C:\Windows\SYSTEM32\dhcpcsvc6.DLL
0x00007ffaa4d50000 - 0x00007ffaa4d6c000 	C:\Windows\SYSTEM32\dhcpcsvc.DLL
0x00007ffaa8ef0000 - 0x00007ffaa8fb6000 	C:\Windows\SYSTEM32\DNSAPI.dll
0x00007ffaa1700000 - 0x00007ffaa171e000 	C:\Users\marcelo.couto\AppData\Local\Temp\native-platform6005108128550656525dir\native-platform.dll

VM Arguments:
jvm_args: -Xmx1536m -Dfile.encoding=windows-1252 -Duser.country=BR -Duser.language=pt -Duser.variant 
java_command: org.gradle.launcher.daemon.bootstrap.GradleDaemon 5.4.1
java_class_path (initial): C:\Users\marcelo.couto\.gradle\wrapper\dists\gradle-5.4.1-all\3221gyojl5jsh0helicew7rwx\gradle-5.4.1\lib\gradle-launcher-5.4.1.jar
Launcher Type: SUN_STANDARD

Environment Variables:
PATH=C:\Program Files (x86)\Common Files\Oracle\Java\javapath;C:\Windows\system32;C:\Windows;C:\Windows\System32\Wbem;C:\Windows\System32\WindowsPowerShell\v1.0\;C:\Windows\System32\OpenSSH\;C:\Program Files (x86)\Intel\Intel(R) Management Engine Components\DAL;C:\Program Files\Intel\Intel(R) Management Engine Components\DAL;C:\Users\marcelo.couto\AppData\Local\Programs\Python\Python37-32;C:\Users\marcelo.couto\AppData\Local\Programs\Python\Python37-32\Scripts;"C:\Python34;C:\Python34\Scripts";C:\Users\marcelo.couto\AppData\Local\Microsoft\WindowsApps;
USERNAME=Marcelo.Couto
OS=Windows_NT
PROCESSOR_IDENTIFIER=Intel64 Family 6 Model 142 Stepping 9, GenuineIntel



---------------  S Y S T E M  ---------------

OS: Windows 10.0 , 64 bit Build 17763 (10.0.17763.379)

CPU:total 4 (initial active 4) (2 cores per cpu, 2 threads per core) family 6 model 142 stepping 9, cmov, cx8, fxsr, mmx, sse, sse2, sse3, ssse3, sse4.1, sse4.2, popcnt, avx, avx2, aes, clmul, erms, 3dnowpref, lzcnt, ht, tsc, tscinvbit, bmi1, bmi2, adx

Memory: 4k page, physical 8164572k(628964k free), swap 8164572k(5736k free)

vm_info: OpenJDK 64-Bit Server VM (25.202-b03) for windows-amd64 JRE (1.8.0_202-release-1483-b03), built by "builder" with MS VC++ 10.0 (VS2010)

time: Sun Nov 03 11:52:19 2019
timezone: Hora Padrão de Buenos Aires
elapsed time: 406 seconds (0d 0h 6m 46s)

